# JRE version: OpenJDK Runtime Environment Temurin-17.0.6+10 (17.0.6+10) (build 17.0.6+10)
# Java VM: OpenJDK 64-Bit Server VM Temurin-17.0.6+10 (17.0.6+10, mixed mode, emulated-client, tiered, compressed oops, compressed class ptrs, g1 gc, windows-amd64)
GC Precious Log:
 CPUs: 8 total, 8 available
 Memory: 16293M
 Large Page Support: Disabled
 NUMA Support: Disabled
 Compressed Oops: Enabled (Zero based)
 Heap Region Size: 2M
 Heap Min Capacity: 8M
 Heap Initial Capacity: 256M
 Heap Max Capacity: 4074M
 Pre-touch: Disabled
 Parallel Workers: 8
 Concurrent Workers: 2
 Concurrent Refinement Workers: 8
 Periodic GC: Disabled
Heap:
 garbage-first heap   total 122880K, used 70427K [0x0000000701600000, 0x0000000800000000)
  region size 2048K, 1 young (2048K), 1 survivors (2048K)
 Metaspace       used 54398K, committed 56000K, reserved 1105920K
  class space    used 6873K, committed 7424K, reserved 1048576K
GC Heap History (20 events):
Event: 7399.292 GC heap after
{Heap after GC invocations=131 (full 31):
 garbage-first heap   total 69632K, used 21559K [0x0000000701600000, 0x0000000800000000)
  region size 2048K, 0 young (0K), 0 survivors (0K)
 Metaspace       used 55275K, committed 55936K, reserved 1105920K
  class space    used 6961K, committed 7424K, reserved 1048576K
}
Event: 7399.597 GC heap before
{Heap before GC invocations=131 (full 31):
 garbage-first heap   total 69632K, used 54327K [0x0000000701600000, 0x0000000800000000)
  region size 2048K, 16 young (32768K), 0 survivors (0K)
 Metaspace       used 55354K, committed 56000K, reserved 1105920K
  class space    used 6974K, committed 7424K, reserved 1048576K
}
Event: 7399.599 GC heap after
{Heap after GC invocations=132 (full 31):
 garbage-first heap   total 69632K, used 24077K [0x0000000701600000, 0x0000000800000000)
  region size 2048K, 2 young (4096K), 2 survivors (4096K)
 Metaspace       used 55354K, committed 56000K, reserved 1105920K
  class space    used 6974K, committed 7424K, reserved 1048576K
}
Event: 7399.705 GC heap before
{Heap before GC invocations=132 (full 31):
 garbage-first heap   total 69632K, used 52749K [0x0000000701600000, 0x0000000800000000)
  region size 2048K, 16 young (32768K), 2 survivors (4096K)
 Metaspace       used 55488K, committed 56128K, reserved 1105920K
  class space    used 6982K, committed 7424K, reserved 1048576K
}
Event: 7399.707 GC heap after
{Heap after GC invocations=133 (full 31):
 garbage-first heap   total 69632K, used 25191K [0x0000000701600000, 0x0000000800000000)
  region size 2048K, 1 young (2048K), 1 survivors (2048K)
 Metaspace       used 55488K, committed 56128K, reserved 1105920K
  class space    used 6982K, committed 7424K, reserved 1048576K
}
Event: 7478.724 GC heap before
{Heap before GC invocations=133 (full 31):
 garbage-first heap   total 69632K, used 49767K [0x0000000701600000, 0x0000000800000000)
  region size 2048K, 14 young (28672K), 1 survivors (2048K)
 Metaspace       used 55489K, committed 56128K, reserved 1105920K
  class space    used 6982K, committed 7424K, reserved 1048576K
}
Event: 7478.727 GC heap after
{Heap after GC invocations=134 (full 31):
 garbage-first heap   total 69632K, used 29171K [0x0000000701600000, 0x0000000800000000)
  region size 2048K, 2 young (4096K), 2 survivors (4096K)
 Metaspace       used 55489K, committed 56128K, reserved 1105920K
  class space    used 6982K, committed 7424K, reserved 1048576K
}
Event: 7479.102 GC heap before
{Heap before GC invocations=134 (full 31):
 garbage-first heap   total 69632K, used 47603K [0x0000000701600000, 0x0000000800000000)
  region size 2048K, 11 young (22528K), 2 survivors (4096K)
 Metaspace       used 55513K, committed 56192K, reserved 1105920K
  class space    used 6986K, committed 7424K, reserved 1048576K
}
Event: 7479.151 GC heap after
{Heap after GC invocations=135 (full 31):
 garbage-first heap   total 69632K, used 35032K [0x0000000701600000, 0x0000000800000000)
  region size 2048K, 2 young (4096K), 2 survivors (4096K)
 Metaspace       used 55513K, committed 56192K, reserved 1105920K
  class space    used 6986K, committed 7424K, reserved 1048576K
}
Event: 7479.161 GC heap before
{Heap before GC invocations=135 (full 31):
 garbage-first heap   total 69632K, used 57560K [0x0000000701600000, 0x0000000800000000)
  region size 2048K, 4 young (8192K), 2 survivors (4096K)
 Metaspace       used 55513K, committed 56192K, reserved 1105920K
  class space    used 6986K, committed 7424K, reserved 1048576K
}
Event: 7479.163 GC heap after
{Heap after GC invocations=136 (full 31):
 garbage-first heap   total 69632K, used 41216K [0x0000000701600000, 0x0000000800000000)
  region size 2048K, 1 young (2048K), 1 survivors (2048K)
 Metaspace       used 55513K, committed 56192K, reserved 1105920K
  class space    used 6986K, committed 7424K, reserved 1048576K
}
Event: 7479.169 GC heap before
{Heap before GC invocations=136 (full 31):
 garbage-first heap   total 69632K, used 55552K [0x0000000701600000, 0x0000000800000000)
  region size 2048K, 3 young (6144K), 1 survivors (2048K)
 Metaspace       used 55513K, committed 56192K, reserved 1105920K
  class space    used 6986K, committed 7424K, reserved 1048576K
}
Event: 7479.170 GC heap after
{Heap after GC invocations=137 (full 31):
 garbage-first heap   total 69632K, used 51030K [0x0000000701600000, 0x0000000800000000)
  region size 2048K, 1 young (2048K), 1 survivors (2048K)
 Metaspace       used 55513K, committed 56192K, reserved 1105920K
  class space    used 6986K, committed 7424K, reserved 1048576K
}
Event: 7491.337 GC heap before
{Heap before GC invocations=138 (full 31):
 garbage-first heap   total 122880K, used 71510K [0x0000000701600000, 0x0000000800000000)
  region size 2048K, 3 young (6144K), 1 survivors (2048K)
 Metaspace       used 54397K, committed 56000K, reserved 1105920K
  class space    used 6873K, committed 7424K, reserved 1048576K
}
Event: 7491.339 GC heap after
{Heap after GC invocations=139 (full 31):
 garbage-first heap   total 122880K, used 47399K [0x0000000701600000, 0x0000000800000000)
  region size 2048K, 1 young (2048K), 1 survivors (2048K)
 Metaspace       used 54397K, committed 56000K, reserved 1105920K
  class space    used 6873K, committed 7424K, reserved 1048576K
}
Event: 7563.668 GC heap before
{Heap before GC invocations=139 (full 31):
 garbage-first heap   total 122880K, used 78119K [0x0000000701600000, 0x0000000800000000)
  region size 2048K, 16 young (32768K), 1 survivors (2048K)
 Metaspace       used 54398K, committed 56000K, reserved 1105920K
  class space    used 6873K, committed 7424K, reserved 1048576K
}
Event: 7563.670 GC heap after
{Heap after GC invocations=140 (full 31):
 garbage-first heap   total 122880K, used 57809K [0x0000000701600000, 0x0000000800000000)
  region size 2048K, 2 young (4096K), 2 survivors (4096K)
 Metaspace       used 54398K, committed 56000K, reserved 1105920K
  class space    used 6873K, committed 7424K, reserved 1048576K
}
Event: 7563.671 GC heap before
{Heap before GC invocations=140 (full 31):
 garbage-first heap   total 122880K, used 57809K [0x0000000701600000, 0x0000000800000000)
  region size 2048K, 3 young (6144K), 2 survivors (4096K)
 Metaspace       used 54398K, committed 56000K, reserved 1105920K
  class space    used 6873K, committed 7424K, reserved 1048576K
}
Event: 7563.672 GC heap after
{Heap after GC invocations=141 (full 31):
 garbage-first heap   total 122880K, used 56091K [0x0000000701600000, 0x0000000800000000)
  region size 2048K, 1 young (2048K), 1 survivors (2048K)
 Metaspace       used 54398K, committed 56000K, reserved 1105920K
  class space    used 6873K, committed 7424K, reserved 1048576K
}
Event: 7563.696 GC heap before
{Heap before GC invocations=141 (full 31):
 garbage-first heap   total 122880K, used 107291K [0x0000000701600000, 0x0000000800000000)
  region size 2048K, 6 young (12288K), 1 survivors (2048K)
 Metaspace       used 54398K, committed 56000K, reserved 1105920K
  class space    used 6873K, committed 7424K, reserved 1048576K
}

